mode: atomic
/home/t2y/work/kazamori/repo/go-integration-tests-sample/cmd/api/main.go:13.16,21.2 4 1
/home/t2y/work/kazamori/repo/go-integration-tests-sample/cmd/api/main.go:23.13,33.2 4 1
example.com/myapp/api/server.go:13.30,19.2 5 1
example.com/myapp/api/server.go:21.39,27.12 3 1
example.com/myapp/api/server.go:27.12,29.66 2 1
example.com/myapp/api/server.go:29.66,31.4 1 0
example.com/myapp/api/server.go:32.3,32.44 1 1
example.com/myapp/api/server.go:35.2,39.52 5 1
example.com/myapp/api/server.go:39.52,42.3 2 0
example.com/myapp/api/server.go:43.2,43.37 1 1
example.com/myapp/api/handler/groups.go:8.61,23.16 4 1
example.com/myapp/api/handler/groups.go:23.16,26.3 2 0
example.com/myapp/api/handler/groups.go:27.2,27.21 1 1
example.com/myapp/api/handler/user.go:10.60,26.20 4 6
example.com/myapp/api/handler/user.go:26.20,28.3 1 2
example.com/myapp/api/handler/user.go:29.2,29.16 1 6
example.com/myapp/api/handler/user.go:29.16,32.3 2 2
example.com/myapp/api/handler/user.go:33.2,33.21 1 4
example.com/myapp/api/handler/util.go:9.58,12.52 3 2
example.com/myapp/api/handler/util.go:12.52,15.3 2 0
example.com/myapp/api/handler/util.go:16.2,16.23 1 2
example.com/myapp/api/handler/util.go:19.53,21.38 2 6
example.com/myapp/api/handler/util.go:21.38,24.3 2 0
example.com/myapp/api/handler/util.go:25.2,25.23 1 6
example.com/myapp/api/handler/version.go:8.62,11.16 3 1
example.com/myapp/api/handler/version.go:11.16,14.3 2 0
example.com/myapp/api/handler/version.go:15.2,15.21 1 1
example.com/myapp/mod1/util.go:5.11,9.2 3 1
example.com/myapp/mod1/util.go:11.11,17.2 5 1
example.com/myapp/mod1/util.go:19.11,26.2 6 1
